[11-Apr-2025 20:56:04 UTC] PHP Fatal error:  Uncaught Error: Call to undefined function get_hero() in /Users/cougrage/Local Sites/quest2/app/public/wp-content/themes/my-custom-theme/index.php:10
Stack trace:
#0 /Users/cougrage/Local Sites/quest2/app/public/wp-includes/template-loader.php(106): include()
#1 /Users/cougrage/Local Sites/quest2/app/public/wp-blog-header.php(19): require_once('/Users/cougrage...')
#2 /Users/cougrage/Local Sites/quest2/app/public/index.php(17): require('/Users/cougrage...')
#3 {main}
  thrown in /Users/cougrage/Local Sites/quest2/app/public/wp-content/themes/my-custom-theme/index.php on line 10
[11-Apr-2025 20:57:02 UTC] PHP Fatal error:  Uncaught Error: Call to undefined function get_hero() in /Users/cougrage/Local Sites/quest2/app/public/wp-content/themes/my-custom-theme/index.php:10
Stack trace:
#0 /Users/cougrage/Local Sites/quest2/app/public/wp-includes/template-loader.php(106): include()
#1 /Users/cougrage/Local Sites/quest2/app/public/wp-blog-header.php(19): require_once('/Users/cougrage...')
#2 /Users/cougrage/Local Sites/quest2/app/public/index.php(17): require('/Users/cougrage...')
#3 {main}
  thrown in /Users/cougrage/Local Sites/quest2/app/public/wp-content/themes/my-custom-theme/index.php on line 10
[11-Apr-2025 20:58:01 UTC] PHP Fatal error:  Uncaught Error: Call to undefined function get_hero() in /Users/cougrage/Local Sites/quest2/app/public/wp-content/themes/my-custom-theme/index.php:10
Stack trace:
#0 /Users/cougrage/Local Sites/quest2/app/public/wp-includes/template-loader.php(106): include()
#1 /Users/cougrage/Local Sites/quest2/app/public/wp-blog-header.php(19): require_once('/Users/cougrage...')
#2 /Users/cougrage/Local Sites/quest2/app/public/index.php(17): require('/Users/cougrage...')
#3 {main}
  thrown in /Users/cougrage/Local Sites/quest2/app/public/wp-content/themes/my-custom-theme/index.php on line 10
[11-Apr-2025 20:58:54 UTC] PHP Fatal error:  Uncaught Error: Call to undefined function get_hero() in /Users/cougrage/Local Sites/quest2/app/public/wp-content/themes/my-custom-theme/index.php:10
Stack trace:
#0 /Users/cougrage/Local Sites/quest2/app/public/wp-includes/template-loader.php(106): include()
#1 /Users/cougrage/Local Sites/quest2/app/public/wp-blog-header.php(19): require_once('/Users/cougrage...')
#2 /Users/cougrage/Local Sites/quest2/app/public/index.php(17): require('/Users/cougrage...')
#3 {main}
  thrown in /Users/cougrage/Local Sites/quest2/app/public/wp-content/themes/my-custom-theme/index.php on line 10
[11-Apr-2025 21:12:14 UTC] PHP Fatal error:  Uncaught Error: Call to undefined function get_field() in /Users/cougrage/Local Sites/quest2/app/public/wp-content/themes/my-custom-theme/template-parts/service.php:15
Stack trace:
#0 /Users/cougrage/Local Sites/quest2/app/public/wp-includes/template.php(812): require()
#1 /Users/cougrage/Local Sites/quest2/app/public/wp-includes/template.php(745): load_template('/Users/cougrage...', false, Array)
#2 /Users/cougrage/Local Sites/quest2/app/public/wp-includes/general-template.php(206): locate_template(Array, true, false, Array)
#3 /Users/cougrage/Local Sites/quest2/app/public/wp-content/themes/my-custom-theme/index.php(16): get_template_part('template-parts/...')
#4 /Users/cougrage/Local Sites/quest2/app/public/wp-includes/template-loader.php(106): include('/Users/cougrage...')
#5 /Users/cougrage/Local Sites/quest2/app/public/wp-blog-header.php(19): require_once('/Users/cougrage...')
#6 /Users/cougrage/Local Sites/quest2/app/public/index.php(17): require('/Users/cougrage...')
#7 {main}
  thrown in /Users/cougrage/Local Sites/quest2/app/public/wp-content/themes/my-custom-theme/template-parts/service.php on line 15
[11-Apr-2025 21:16:52 UTC] PHP Fatal error:  Uncaught TypeError: array_merge(): Argument #1 must be of type array, null given in /Users/cougrage/Local Sites/quest2/app/public/wp-content/themes/my-custom-theme/template-parts/service.php:17
Stack trace:
#0 /Users/cougrage/Local Sites/quest2/app/public/wp-content/themes/my-custom-theme/template-parts/service.php(17): array_merge(NULL, NULL)
#1 /Users/cougrage/Local Sites/quest2/app/public/wp-includes/template.php(812): require('/Users/cougrage...')
#2 /Users/cougrage/Local Sites/quest2/app/public/wp-includes/template.php(745): load_template('/Users/cougrage...', false, Array)
#3 /Users/cougrage/Local Sites/quest2/app/public/wp-includes/general-template.php(206): locate_template(Array, true, false, Array)
#4 /Users/cougrage/Local Sites/quest2/app/public/wp-content/themes/my-custom-theme/index.php(16): get_template_part('template-parts/...')
#5 /Users/cougrage/Local Sites/quest2/app/public/wp-includes/template-loader.php(106): include('/Users/cougrage...')
#6 /Users/cougrage/Local Sites/quest2/app/public/wp-blog-header.php(19): require_once('/Users/cougrage...')
#7 /Users/cougrage/Local Sites/quest2/app/public/index.php(17): require('/Users/cougrage...')
#8 {main}
  thrown in /Users/cougrage/Local Sites/quest2/app/public/wp-content/themes/my-custom-theme/template-parts/service.php on line 17
[11-Apr-2025 21:16:59 UTC] PHP Fatal error:  Uncaught TypeError: array_merge(): Argument #1 must be of type array, null given in /Users/cougrage/Local Sites/quest2/app/public/wp-content/themes/my-custom-theme/template-parts/service.php:17
Stack trace:
#0 /Users/cougrage/Local Sites/quest2/app/public/wp-content/themes/my-custom-theme/template-parts/service.php(17): array_merge(NULL, NULL)
#1 /Users/cougrage/Local Sites/quest2/app/public/wp-includes/template.php(812): require('/Users/cougrage...')
#2 /Users/cougrage/Local Sites/quest2/app/public/wp-includes/template.php(745): load_template('/Users/cougrage...', false, Array)
#3 /Users/cougrage/Local Sites/quest2/app/public/wp-includes/general-template.php(206): locate_template(Array, true, false, Array)
#4 /Users/cougrage/Local Sites/quest2/app/public/wp-content/themes/my-custom-theme/index.php(16): get_template_part('template-parts/...')
#5 /Users/cougrage/Local Sites/quest2/app/public/wp-includes/template-loader.php(106): include('/Users/cougrage...')
#6 /Users/cougrage/Local Sites/quest2/app/public/wp-blog-header.php(19): require_once('/Users/cougrage...')
#7 /Users/cougrage/Local Sites/quest2/app/public/index.php(17): require('/Users/cougrage...')
#8 {main}
  thrown in /Users/cougrage/Local Sites/quest2/app/public/wp-content/themes/my-custom-theme/template-parts/service.php on line 17
[11-Apr-2025 21:21:56 UTC] PHP Warning:  file_get_contents(/Users/cougrage/Local Sites/quest2/app/public/wp-content/themes/my-custom-theme/utils/your-json-file.json): Failed to open stream: No such file or directory in /Users/cougrage/Local Sites/quest2/app/public/wp-content/themes/my-custom-theme/template-parts/service.php on line 18
